<?xml version="1.0" encoding="UTF-8"?>
<testsuite name="com.boya.aws.springboot.domain.posts.PostsRepositoryTest" tests="1" skipped="0" failures="0" errors="0" timestamp="2023-02-24T03:18:48" hostname="DESKTOP-J8LRPON" time="0.594">
  <properties/>
  <testcase name="게시글저장_불러오기()" classname="com.boya.aws.springboot.domain.posts.PostsRepositoryTest" time="0.594"/>
  <system-out><![CDATA[12:18:41.617 [Test worker] DEBUG org.springframework.test.context.BootstrapUtils - Instantiating CacheAwareContextLoaderDelegate from class [org.springframework.test.context.cache.DefaultCacheAwareContextLoaderDelegate]
12:18:41.638 [Test worker] DEBUG org.springframework.test.context.BootstrapUtils - Instantiating BootstrapContext using constructor [public org.springframework.test.context.support.DefaultBootstrapContext(java.lang.Class,org.springframework.test.context.CacheAwareContextLoaderDelegate)]
12:18:41.688 [Test worker] DEBUG org.springframework.test.context.BootstrapUtils - Instantiating TestContextBootstrapper for test class [com.boya.aws.springboot.domain.posts.PostsRepositoryTest] from class [org.springframework.boot.test.context.SpringBootTestContextBootstrapper]
12:18:41.705 [Test worker] INFO org.springframework.boot.test.context.SpringBootTestContextBootstrapper - Neither @ContextConfiguration nor @ContextHierarchy found for test class [com.boya.aws.springboot.domain.posts.PostsRepositoryTest], using SpringBootContextLoader
12:18:41.713 [Test worker] DEBUG org.springframework.test.context.support.AbstractContextLoader - Did not detect default resource location for test class [com.boya.aws.springboot.domain.posts.PostsRepositoryTest]: class path resource [com/boya/aws/springboot/domain/posts/PostsRepositoryTest-context.xml] does not exist
12:18:41.714 [Test worker] DEBUG org.springframework.test.context.support.AbstractContextLoader - Did not detect default resource location for test class [com.boya.aws.springboot.domain.posts.PostsRepositoryTest]: class path resource [com/boya/aws/springboot/domain/posts/PostsRepositoryTestContext.groovy] does not exist
12:18:41.715 [Test worker] INFO org.springframework.test.context.support.AbstractContextLoader - Could not detect default resource locations for test class [com.boya.aws.springboot.domain.posts.PostsRepositoryTest]: no resource found for suffixes {-context.xml, Context.groovy}.
12:18:41.716 [Test worker] INFO org.springframework.test.context.support.AnnotationConfigContextLoaderUtils - Could not detect default configuration classes for test class [com.boya.aws.springboot.domain.posts.PostsRepositoryTest]: PostsRepositoryTest does not declare any static, non-private, non-final, nested classes annotated with @Configuration.
12:18:41.775 [Test worker] DEBUG org.springframework.test.context.support.ActiveProfilesUtils - Could not find an 'annotation declaring class' for annotation type [org.springframework.test.context.ActiveProfiles] and class [com.boya.aws.springboot.domain.posts.PostsRepositoryTest]
12:18:41.859 [Test worker] DEBUG org.springframework.context.annotation.ClassPathScanningCandidateComponentProvider - Identified candidate component class: file [C:\Users\user\Desktop\Study-Spring\core\SpringBoot-AWS\build\classes\java\main\com\boya\aws\springboot\Application.class]
12:18:41.860 [Test worker] INFO org.springframework.boot.test.context.SpringBootTestContextBootstrapper - Found @SpringBootConfiguration com.boya.aws.springboot.Application for test class com.boya.aws.springboot.domain.posts.PostsRepositoryTest
12:18:42.008 [Test worker] DEBUG org.springframework.boot.test.context.SpringBootTestContextBootstrapper - @TestExecutionListeners is not present for class [com.boya.aws.springboot.domain.posts.PostsRepositoryTest]: using defaults.
12:18:42.009 [Test worker] INFO org.springframework.boot.test.context.SpringBootTestContextBootstrapper - Loaded default TestExecutionListener class names from location [META-INF/spring.factories]: [org.springframework.boot.test.autoconfigure.restdocs.RestDocsTestExecutionListener, org.springframework.boot.test.autoconfigure.web.client.MockRestServiceServerResetTestExecutionListener, org.springframework.boot.test.autoconfigure.web.servlet.MockMvcPrintOnlyOnFailureTestExecutionListener, org.springframework.boot.test.autoconfigure.web.servlet.WebDriverTestExecutionListener, org.springframework.boot.test.autoconfigure.webservices.client.MockWebServiceServerTestExecutionListener, org.springframework.boot.test.mock.mockito.MockitoTestExecutionListener, org.springframework.boot.test.mock.mockito.ResetMocksTestExecutionListener, org.springframework.test.context.web.ServletTestExecutionListener, org.springframework.test.context.support.DirtiesContextBeforeModesTestExecutionListener, org.springframework.test.context.support.DependencyInjectionTestExecutionListener, org.springframework.test.context.support.DirtiesContextTestExecutionListener, org.springframework.test.context.transaction.TransactionalTestExecutionListener, org.springframework.test.context.jdbc.SqlScriptsTestExecutionListener, org.springframework.test.context.event.EventPublishingTestExecutionListener]
12:18:42.039 [Test worker] INFO org.springframework.boot.test.context.SpringBootTestContextBootstrapper - Using TestExecutionListeners: [org.springframework.test.context.web.ServletTestExecutionListener@6d1310f6, org.springframework.test.context.support.DirtiesContextBeforeModesTestExecutionListener@3228d990, org.springframework.boot.test.mock.mockito.MockitoTestExecutionListener@54e7391d, org.springframework.boot.test.autoconfigure.SpringBootDependencyInjectionTestExecutionListener@50b8ae8d, org.springframework.test.context.support.DirtiesContextTestExecutionListener@255990cc, org.springframework.test.context.transaction.TransactionalTestExecutionListener@51c929ae, org.springframework.test.context.jdbc.SqlScriptsTestExecutionListener@3c8bdd5b, org.springframework.test.context.event.EventPublishingTestExecutionListener@29d2d081, org.springframework.boot.test.autoconfigure.restdocs.RestDocsTestExecutionListener@40e4ea87, org.springframework.boot.test.autoconfigure.web.client.MockRestServiceServerResetTestExecutionListener@58783f6c, org.springframework.boot.test.autoconfigure.web.servlet.MockMvcPrintOnlyOnFailureTestExecutionListener@3a7b503d, org.springframework.boot.test.autoconfigure.web.servlet.WebDriverTestExecutionListener@512d92b, org.springframework.boot.test.autoconfigure.webservices.client.MockWebServiceServerTestExecutionListener@62c5bbdc, org.springframework.boot.test.mock.mockito.ResetMocksTestExecutionListener@7bdf6bb7]
12:18:42.046 [Test worker] DEBUG org.springframework.test.context.support.AbstractDirtiesContextTestExecutionListener - Before test class: context [DefaultTestContext@3abd581e testClass = PostsRepositoryTest, testInstance = [null], testMethod = [null], testException = [null], mergedContextConfiguration = [WebMergedContextConfiguration@4d4d8fcf testClass = PostsRepositoryTest, locations = '{}', classes = '{class com.boya.aws.springboot.Application}', contextInitializerClasses = '[]', activeProfiles = '{}', propertySourceLocations = '{}', propertySourceProperties = '{org.springframework.boot.test.context.SpringBootTestContextBootstrapper=true}', contextCustomizers = set[org.springframework.boot.test.autoconfigure.actuate.metrics.MetricsExportContextCustomizerFactory$DisableMetricExportContextCustomizer@7c209437, org.springframework.boot.test.autoconfigure.properties.PropertyMappingContextCustomizer@0, org.springframework.boot.test.autoconfigure.web.servlet.WebDriverContextCustomizerFactory$Customizer@19ae6bb, org.springframework.boot.test.context.filter.ExcludeFilterContextCustomizer@2bb7bd00, org.springframework.boot.test.json.DuplicateJsonObjectContextCustomizerFactory$DuplicateJsonObjectContextCustomizer@45c8d09f, org.springframework.boot.test.mock.mockito.MockitoContextCustomizer@0, org.springframework.boot.test.web.client.TestRestTemplateContextCustomizer@fd8294b, org.springframework.boot.test.context.SpringBootTestArgs@1, org.springframework.boot.test.context.SpringBootTestWebEnvironment@37911f88], resourceBasePath = 'src/main/webapp', contextLoader = 'org.springframework.boot.test.context.SpringBootContextLoader', parent = [null]], attributes = map['org.springframework.test.context.web.ServletTestExecutionListener.activateListener' -> true]], class annotated with @DirtiesContext [false] with mode [null].
12:18:42.097 [Test worker] DEBUG org.springframework.test.context.support.TestPropertySourceUtils - Adding inlined properties to environment: {spring.jmx.enabled=false, org.springframework.boot.test.context.SpringBootTestContextBootstrapper=true}

  .   ____          _            __ _ _
 /\\ / ___'_ __ _ _(_)_ __  __ _ \ \ \ \
( ( )\___ | '_ | '_| | '_ \/ _` | \ \ \ \
 \\/  ___)| |_)| | | | | || (_| |  ) ) ) )
  '  |____| .__|_| |_|_| |_\__, | / / / /
 =========|_|==============|___/=/_/_/_/
 :: Spring Boot ::                (v2.4.1)

2023-02-24 12:18:42.519  INFO 3660 --- [    Test worker] c.b.a.s.d.posts.PostsRepositoryTest      : Starting PostsRepositoryTest using Java 11.0.18 on DESKTOP-J8LRPON with PID 3660 (started by user in C:\Users\user\Desktop\Study-Spring\core\SpringBoot-AWS)
2023-02-24 12:18:42.525  INFO 3660 --- [    Test worker] c.b.a.s.d.posts.PostsRepositoryTest      : No active profile set, falling back to default profiles: default
2023-02-24 12:18:43.542  INFO 3660 --- [    Test worker] .s.d.r.c.RepositoryConfigurationDelegate : Bootstrapping Spring Data JPA repositories in DEFAULT mode.
2023-02-24 12:18:43.627  INFO 3660 --- [    Test worker] .s.d.r.c.RepositoryConfigurationDelegate : Finished Spring Data repository scanning in 71 ms. Found 1 JPA repository interfaces.
2023-02-24 12:18:44.403  INFO 3660 --- [    Test worker] com.zaxxer.hikari.HikariDataSource       : HikariPool-1 - Starting...
2023-02-24 12:18:44.691  INFO 3660 --- [    Test worker] com.zaxxer.hikari.HikariDataSource       : HikariPool-1 - Start completed.
2023-02-24 12:18:44.805  INFO 3660 --- [    Test worker] o.hibernate.jpa.internal.util.LogHelper  : HHH000204: Processing PersistenceUnitInfo [name: default]
2023-02-24 12:18:44.904  INFO 3660 --- [    Test worker] org.hibernate.Version                    : HHH000412: Hibernate ORM core version 5.4.25.Final
2023-02-24 12:18:45.180  INFO 3660 --- [    Test worker] o.hibernate.annotations.common.Version   : HCANN000001: Hibernate Commons Annotations {5.1.2.Final}
2023-02-24 12:18:45.452  INFO 3660 --- [    Test worker] org.hibernate.dialect.Dialect            : HHH000400: Using dialect: org.hibernate.dialect.H2Dialect
2023-02-24 12:18:46.337  INFO 3660 --- [    Test worker] o.h.e.t.j.p.i.JtaPlatformInitiator       : HHH000490: Using JtaPlatform implementation: [org.hibernate.engine.transaction.jta.platform.internal.NoJtaPlatform]
2023-02-24 12:18:46.349  INFO 3660 --- [    Test worker] j.LocalContainerEntityManagerFactoryBean : Initialized JPA EntityManagerFactory for persistence unit 'default'
2023-02-24 12:18:46.739  WARN 3660 --- [    Test worker] JpaBaseConfiguration$JpaWebConfiguration : spring.jpa.open-in-view is enabled by default. Therefore, database queries may be performed during view rendering. Explicitly configure spring.jpa.open-in-view to disable this warning
2023-02-24 12:18:47.092  INFO 3660 --- [    Test worker] o.s.s.concurrent.ThreadPoolTaskExecutor  : Initializing ExecutorService 'applicationTaskExecutor'
2023-02-24 12:18:47.432  WARN 3660 --- [    Test worker] o.s.b.a.m.MustacheAutoConfiguration      : Cannot find template location: classpath:/templates/ (please add some templates, check your Mustache configuration, or set spring.mustache.check-template-location=false)
2023-02-24 12:18:48.116  INFO 3660 --- [    Test worker] c.b.a.s.d.posts.PostsRepositoryTest      : Started PostsRepositoryTest in 6.01 seconds (JVM running for 8.607)
]]></system-out>
  <system-err><![CDATA[]]></system-err>
</testsuite>
